[0109/210612:ERROR:crash_report_database_win.cc(563)] CreateDirectory C:\Program Files (x86)\Hotson\Reports\Dump: The system cannot find the path specified. (0x3)
[0109/210612:ERROR:registration_protocol_win.cc(82)] TransactNamedPipe: The pipe has been ended. (0x6D)
[0109/210612:ERROR:crash_report_database_win.cc(563)] CreateDirectory C:\Program Files (x86)\Hotson\Reports\Dump: The system cannot find the path specified. (0x3)
[0109/210652:ERROR:crash_report_database_win.cc(563)] CreateDirectory C:\Program Files (x86)\Hotson\Reports\Dump: The system cannot find the path specified. (0x3)
[0109/210652:ERROR:registration_protocol_win.cc(82)] TransactNamedPipe: The pipe has been ended. (0x6D)
[0109/210652:ERROR:crash_report_database_win.cc(563)] CreateDirectory C:\Program Files (x86)\Hotson\Reports\Dump: The system cannot find the path specified. (0x3)
[0109/211235:ERROR:crash_report_database_win.cc(563)] CreateDirectory C:\Program Files (x86)\Hotson\Reports\Dump: The system cannot find the path specified. (0x3)
[0109/211235:ERROR:registration_protocol_win.cc(82)] TransactNamedPipe: The pipe has been ended. (0x6D)
[0109/211235:ERROR:crash_report_database_win.cc(563)] CreateDirectory C:\Program Files (x86)\Hotson\Reports\Dump: The system cannot find the path specified. (0x3)
[0109/211314:ERROR:crash_report_database_win.cc(563)] CreateDirectory C:\Program Files (x86)\Hotson\Reports\Dump: The system cannot find the path specified. (0x3)
[0109/211314:ERROR:registration_protocol_win.cc(82)] TransactNamedPipe: The pipe has been ended. (0x6D)
[0109/211314:ERROR:crash_report_database_win.cc(563)] CreateDirectory C:\Program Files (x86)\Hotson\Reports\Dump: The system cannot find the path specified. (0x3)
[0109/211538:ERROR:crash_report_database_win.cc(563)] CreateDirectory C:\Program Files (x86)\Hotson\Reports\Dump: The system cannot find the path specified. (0x3)
[0109/211538:ERROR:registration_protocol_win.cc(82)] TransactNamedPipe: The pipe has been ended. (0x6D)
[0109/211538:ERROR:crash_report_database_win.cc(563)] CreateDirectory C:\Program Files (x86)\Hotson\Reports\Dump: The system cannot find the path specified. (0x3)
[0109/211836:ERROR:crash_report_database_win.cc(563)] CreateDirectory C:\Program Files (x86)\Hotson\Reports\Dump: The system cannot find the path specified. (0x3)
[0109/211836:ERROR:registration_protocol_win.cc(82)] TransactNamedPipe: The pipe has been ended. (0x6D)
[0109/211836:ERROR:crash_report_database_win.cc(563)] CreateDirectory C:\Program Files (x86)\Hotson\Reports\Dump: The system cannot find the path specified. (0x3)
[0109/212255:ERROR:crash_report_database_win.cc(563)] CreateDirectory C:\Program Files (x86)\Hotson\Reports\Dump: The system cannot find the path specified. (0x3)
[0109/212255:ERROR:registration_protocol_win.cc(82)] TransactNamedPipe: The pipe has been ended. (0x6D)
[0109/212255:ERROR:crash_report_database_win.cc(563)] CreateDirectory C:\Program Files (x86)\Hotson\Reports\Dump: The system cannot find the path specified. (0x3)
[0109/212338:ERROR:crash_report_database_win.cc(563)] CreateDirectory C:\Program Files (x86)\Hotson\Reports\Dump: The system cannot find the path specified. (0x3)
[0109/212338:ERROR:registration_protocol_win.cc(82)] TransactNamedPipe: The pipe has been ended. (0x6D)
[0109/212338:ERROR:crash_report_database_win.cc(563)] CreateDirectory C:\Program Files (x86)\Hotson\Reports\Dump: The system cannot find the path specified. (0x3)
[0109/212425:ERROR:crash_report_database_win.cc(563)] CreateDirectory C:\Program Files (x86)\Hotson\Reports\Dump: The system cannot find the path specified. (0x3)
[0109/212425:ERROR:registration_protocol_win.cc(82)] TransactNamedPipe: The pipe has been ended. (0x6D)
[0109/212425:ERROR:crash_report_database_win.cc(563)] CreateDirectory C:\Program Files (x86)\Hotson\Reports\Dump: The system cannot find the path specified. (0x3)
[0110/202524:ERROR:crash_report_database_win.cc(563)] CreateDirectory C:\Program Files (x86)\Hotson\Reports\Dump: The system cannot find the path specified. (0x3)
[0110/202524:ERROR:registration_protocol_win.cc(82)] TransactNamedPipe: The pipe has been ended. (0x6D)
[0110/202524:ERROR:crash_report_database_win.cc(563)] CreateDirectory C:\Program Files (x86)\Hotson\Reports\Dump: The system cannot find the path specified. (0x3)
[0110/202639:ERROR:crash_report_database_win.cc(563)] CreateDirectory C:\Program Files (x86)\Hotson\Reports\Dump: The system cannot find the path specified. (0x3)
[0110/202639:ERROR:registration_protocol_win.cc(82)] TransactNamedPipe: The pipe has been ended. (0x6D)
[0110/202639:ERROR:crash_report_database_win.cc(563)] CreateDirectory C:\Program Files (x86)\Hotson\Reports\Dump: The system cannot find the path specified. (0x3)
[0110/204255:ERROR:crash_report_database_win.cc(563)] CreateDirectory C:\Program Files (x86)\Hotson\Reports\Dump: The system cannot find the path specified. (0x3)
[0110/204255:ERROR:registration_protocol_win.cc(82)] TransactNamedPipe: The pipe has been ended. (0x6D)
[0110/204255:ERROR:crash_report_database_win.cc(563)] CreateDirectory C:\Program Files (x86)\Hotson\Reports\Dump: The system cannot find the path specified. (0x3)
[0110/204337:ERROR:crash_report_database_win.cc(563)] CreateDirectory C:\Program Files (x86)\Hotson\Reports\Dump: The system cannot find the path specified. (0x3)
[0110/204337:ERROR:registration_protocol_win.cc(82)] TransactNamedPipe: The pipe has been ended. (0x6D)
[0110/204337:ERROR:crash_report_database_win.cc(563)] CreateDirectory C:\Program Files (x86)\Hotson\Reports\Dump: The system cannot find the path specified. (0x3)
[0110/204401:ERROR:crash_report_database_win.cc(563)] CreateDirectory C:\Program Files (x86)\Hotson\Reports\Dump: The system cannot find the path specified. (0x3)
[0110/204401:ERROR:registration_protocol_win.cc(82)] TransactNamedPipe: The pipe has been ended. (0x6D)
[0110/204401:ERROR:crash_report_database_win.cc(563)] CreateDirectory C:\Program Files (x86)\Hotson\Reports\Dump: The system cannot find the path specified. (0x3)
[0110/204421:ERROR:crash_report_database_win.cc(563)] CreateDirectory C:\Program Files (x86)\Hotson\Reports\Dump: The system cannot find the path specified. (0x3)
[0110/204421:ERROR:registration_protocol_win.cc(82)] TransactNamedPipe: The pipe has been ended. (0x6D)
[0110/204421:ERROR:crash_report_database_win.cc(563)] CreateDirectory C:\Program Files (x86)\Hotson\Reports\Dump: The system cannot find the path specified. (0x3)
[0110/204616:ERROR:crash_report_database_win.cc(563)] CreateDirectory C:\Program Files (x86)\Hotson\Reports\Dump: The system cannot find the path specified. (0x3)
[0110/204616:ERROR:registration_protocol_win.cc(82)] TransactNamedPipe: The pipe has been ended. (0x6D)
[0110/204616:ERROR:crash_report_database_win.cc(563)] CreateDirectory C:\Program Files (x86)\Hotson\Reports\Dump: The system cannot find the path specified. (0x3)
[0110/204801:ERROR:crash_report_database_win.cc(563)] CreateDirectory C:\Program Files (x86)\Hotson\Reports\Dump: The system cannot find the path specified. (0x3)
[0110/204801:ERROR:registration_protocol_win.cc(82)] TransactNamedPipe: The pipe has been ended. (0x6D)
[0110/204801:ERROR:crash_report_database_win.cc(563)] CreateDirectory C:\Program Files (x86)\Hotson\Reports\Dump: The system cannot find the path specified. (0x3)
[0114/155356:ERROR:crash_report_database_win.cc(563)] CreateDirectory C:\Program Files (x86)\Hotson\Reports\Dump: The system cannot find the path specified. (0x3)
[0114/155356:ERROR:registration_protocol_win.cc(82)] TransactNamedPipe: The pipe has been ended. (0x6D)
[0114/155356:ERROR:crash_report_database_win.cc(563)] CreateDirectory C:\Program Files (x86)\Hotson\Reports\Dump: The system cannot find the path specified. (0x3)
[0114/155514:ERROR:crash_report_database_win.cc(563)] CreateDirectory C:\Program Files (x86)\Hotson\Reports\Dump: The system cannot find the path specified. (0x3)
[0114/155514:ERROR:registration_protocol_win.cc(82)] TransactNamedPipe: The pipe has been ended. (0x6D)
[0114/155514:ERROR:crash_report_database_win.cc(563)] CreateDirectory C:\Program Files (x86)\Hotson\Reports\Dump: The system cannot find the path specified. (0x3)
[0114/155706:ERROR:crash_report_database_win.cc(563)] CreateDirectory C:\Program Files (x86)\Hotson\Reports\Dump: The system cannot find the path specified. (0x3)
[0114/155706:ERROR:registration_protocol_win.cc(82)] TransactNamedPipe: The pipe has been ended. (0x6D)
[0114/155706:ERROR:crash_report_database_win.cc(563)] CreateDirectory C:\Program Files (x86)\Hotson\Reports\Dump: The system cannot find the path specified. (0x3)
[0114/155820:ERROR:crash_report_database_win.cc(563)] CreateDirectory C:\Program Files (x86)\Hotson\Reports\Dump: The system cannot find the path specified. (0x3)
[0114/155820:ERROR:registration_protocol_win.cc(82)] TransactNamedPipe: The pipe has been ended. (0x6D)
[0114/155820:ERROR:crash_report_database_win.cc(563)] CreateDirectory C:\Program Files (x86)\Hotson\Reports\Dump: The system cannot find the path specified. (0x3)
[0114/155918:ERROR:crash_report_database_win.cc(563)] CreateDirectory C:\Program Files (x86)\Hotson\Reports\Dump: The system cannot find the path specified. (0x3)
[0114/155918:ERROR:registration_protocol_win.cc(82)] TransactNamedPipe: The pipe has been ended. (0x6D)
[0114/155918:ERROR:crash_report_database_win.cc(563)] CreateDirectory C:\Program Files (x86)\Hotson\Reports\Dump: The system cannot find the path specified. (0x3)
[0115/112712:ERROR:crash_report_database_win.cc(563)] CreateDirectory C:\Program Files (x86)\Hotson\Reports\Dump: The system cannot find the path specified. (0x3)
[0115/112712:ERROR:registration_protocol_win.cc(82)] TransactNamedPipe: The pipe has been ended. (0x6D)
[0115/112712:ERROR:crash_report_database_win.cc(563)] CreateDirectory C:\Program Files (x86)\Hotson\Reports\Dump: The system cannot find the path specified. (0x3)
[0115/112713:ERROR:crash_report_database_win.cc(563)] CreateDirectory C:\Program Files (x86)\Hotson\Reports\Dump: The system cannot find the path specified. (0x3)
[0115/112713:ERROR:registration_protocol_win.cc(82)] TransactNamedPipe: The pipe has been ended. (0x6D)
[0115/112713:ERROR:crash_report_database_win.cc(563)] CreateDirectory C:\Program Files (x86)\Hotson\Reports\Dump: The system cannot find the path specified. (0x3)
[0115/112946:ERROR:crash_report_database_win.cc(563)] CreateDirectory C:\Program Files (x86)\Hotson\Reports\Dump: The system cannot find the path specified. (0x3)
[0115/112946:ERROR:registration_protocol_win.cc(82)] TransactNamedPipe: The pipe has been ended. (0x6D)
[0115/112946:ERROR:crash_report_database_win.cc(563)] CreateDirectory C:\Program Files (x86)\Hotson\Reports\Dump: The system cannot find the path specified. (0x3)
[0115/113046:ERROR:crash_report_database_win.cc(563)] CreateDirectory C:\Program Files (x86)\Hotson\Reports\Dump: The system cannot find the path specified. (0x3)
[0115/113046:ERROR:registration_protocol_win.cc(82)] TransactNamedPipe: The pipe has been ended. (0x6D)
[0115/113046:ERROR:crash_report_database_win.cc(563)] CreateDirectory C:\Program Files (x86)\Hotson\Reports\Dump: The system cannot find the path specified. (0x3)
[0115/113130:ERROR:crash_report_database_win.cc(563)] CreateDirectory C:\Program Files (x86)\Hotson\Reports\Dump: The system cannot find the path specified. (0x3)
[0115/113130:ERROR:registration_protocol_win.cc(82)] TransactNamedPipe: The pipe has been ended. (0x6D)
[0115/113130:ERROR:crash_report_database_win.cc(563)] CreateDirectory C:\Program Files (x86)\Hotson\Reports\Dump: The system cannot find the path specified. (0x3)
[0115/113552:ERROR:crash_report_database_win.cc(563)] CreateDirectory C:\Program Files (x86)\Hotson\Reports\Dump: The system cannot find the path specified. (0x3)
[0115/113552:ERROR:registration_protocol_win.cc(82)] TransactNamedPipe: The pipe has been ended. (0x6D)
[0115/113552:ERROR:crash_report_database_win.cc(563)] CreateDirectory C:\Program Files (x86)\Hotson\Reports\Dump: The system cannot find the path specified. (0x3)
[0115/113702:ERROR:crash_report_database_win.cc(563)] CreateDirectory C:\Program Files (x86)\Hotson\Reports\Dump: The system cannot find the path specified. (0x3)
[0115/113702:ERROR:registration_protocol_win.cc(82)] TransactNamedPipe: The pipe has been ended. (0x6D)
[0115/113702:ERROR:crash_report_database_win.cc(563)] CreateDirectory C:\Program Files (x86)\Hotson\Reports\Dump: The system cannot find the path specified. (0x3)
[0115/114114:ERROR:crash_report_database_win.cc(563)] CreateDirectory C:\Program Files (x86)\Hotson\Reports\Dump: The system cannot find the path specified. (0x3)
[0115/114114:ERROR:registration_protocol_win.cc(82)] TransactNamedPipe: The pipe has been ended. (0x6D)
[0115/114114:ERROR:crash_report_database_win.cc(563)] CreateDirectory C:\Program Files (x86)\Hotson\Reports\Dump: The system cannot find the path specified. (0x3)
[0115/115239:ERROR:crash_report_database_win.cc(563)] CreateDirectory C:\Program Files (x86)\Hotson\Reports\Dump: The system cannot find the path specified. (0x3)
[0115/115239:ERROR:registration_protocol_win.cc(82)] TransactNamedPipe: The pipe has been ended. (0x6D)
[0115/115239:ERROR:crash_report_database_win.cc(563)] CreateDirectory C:\Program Files (x86)\Hotson\Reports\Dump: The system cannot find the path specified. (0x3)
[0115/115515:ERROR:crash_report_database_win.cc(563)] CreateDirectory C:\Program Files (x86)\Hotson\Reports\Dump: The system cannot find the path specified. (0x3)
[0115/115515:ERROR:registration_protocol_win.cc(82)] TransactNamedPipe: The pipe has been ended. (0x6D)
[0115/115515:ERROR:crash_report_database_win.cc(563)] CreateDirectory C:\Program Files (x86)\Hotson\Reports\Dump: The system cannot find the path specified. (0x3)
[0115/115543:ERROR:crash_report_database_win.cc(563)] CreateDirectory C:\Program Files (x86)\Hotson\Reports\Dump: The system cannot find the path specified. (0x3)
[0115/115543:ERROR:registration_protocol_win.cc(82)] TransactNamedPipe: The pipe has been ended. (0x6D)
[0115/115543:ERROR:crash_report_database_win.cc(563)] CreateDirectory C:\Program Files (x86)\Hotson\Reports\Dump: The system cannot find the path specified. (0x3)
[0115/115756:ERROR:crash_report_database_win.cc(563)] CreateDirectory C:\Program Files (x86)\Hotson\Reports\Dump: The system cannot find the path specified. (0x3)
[0115/115756:ERROR:registration_protocol_win.cc(82)] TransactNamedPipe: The pipe has been ended. (0x6D)
[0115/115756:ERROR:crash_report_database_win.cc(563)] CreateDirectory C:\Program Files (x86)\Hotson\Reports\Dump: The system cannot find the path specified. (0x3)
[0115/115843:ERROR:crash_report_database_win.cc(563)] CreateDirectory C:\Program Files (x86)\Hotson\Reports\Dump: The system cannot find the path specified. (0x3)
[0115/115843:ERROR:registration_protocol_win.cc(82)] TransactNamedPipe: The pipe has been ended. (0x6D)
[0115/115843:ERROR:crash_report_database_win.cc(563)] CreateDirectory C:\Program Files (x86)\Hotson\Reports\Dump: The system cannot find the path specified. (0x3)
[0115/115926:ERROR:crash_report_database_win.cc(563)] CreateDirectory C:\Program Files (x86)\Hotson\Reports\Dump: The system cannot find the path specified. (0x3)
[0115/115926:ERROR:registration_protocol_win.cc(82)] TransactNamedPipe: The pipe has been ended. (0x6D)
[0115/115926:ERROR:crash_report_database_win.cc(563)] CreateDirectory C:\Program Files (x86)\Hotson\Reports\Dump: The system cannot find the path specified. (0x3)
[0115/120052:ERROR:crash_report_database_win.cc(563)] CreateDirectory C:\Program Files (x86)\Hotson\Reports\Dump: The system cannot find the path specified. (0x3)
[0115/120052:ERROR:registration_protocol_win.cc(82)] TransactNamedPipe: The pipe has been ended. (0x6D)
[0115/120052:ERROR:crash_report_database_win.cc(563)] CreateDirectory C:\Program Files (x86)\Hotson\Reports\Dump: The system cannot find the path specified. (0x3)
[0115/120326:ERROR:crash_report_database_win.cc(563)] CreateDirectory C:\Program Files (x86)\Hotson\Reports\Dump: The system cannot find the path specified. (0x3)
[0115/120326:ERROR:registration_protocol_win.cc(82)] TransactNamedPipe: The pipe has been ended. (0x6D)
[0115/120326:ERROR:crash_report_database_win.cc(563)] CreateDirectory C:\Program Files (x86)\Hotson\Reports\Dump: The system cannot find the path specified. (0x3)
[0115/120355:ERROR:crash_report_database_win.cc(563)] CreateDirectory C:\Program Files (x86)\Hotson\Reports\Dump: The system cannot find the path specified. (0x3)
[0115/120356:ERROR:registration_protocol_win.cc(82)] TransactNamedPipe: The pipe has been ended. (0x6D)
[0115/120356:ERROR:crash_report_database_win.cc(563)] CreateDirectory C:\Program Files (x86)\Hotson\Reports\Dump: The system cannot find the path specified. (0x3)
[0115/120443:ERROR:crash_report_database_win.cc(563)] CreateDirectory C:\Program Files (x86)\Hotson\Reports\Dump: The system cannot find the path specified. (0x3)
[0115/120443:ERROR:registration_protocol_win.cc(82)] TransactNamedPipe: The pipe has been ended. (0x6D)
[0115/120443:ERROR:crash_report_database_win.cc(563)] CreateDirectory C:\Program Files (x86)\Hotson\Reports\Dump: The system cannot find the path specified. (0x3)
[0115/120916:ERROR:crash_report_database_win.cc(563)] CreateDirectory C:\Program Files (x86)\Hotson\Reports\Dump: The system cannot find the path specified. (0x3)
[0115/120916:ERROR:registration_protocol_win.cc(82)] TransactNamedPipe: The pipe has been ended. (0x6D)
[0115/120916:ERROR:crash_report_database_win.cc(563)] CreateDirectory C:\Program Files (x86)\Hotson\Reports\Dump: The system cannot find the path specified. (0x3)
[0115/121317:ERROR:crash_report_database_win.cc(563)] CreateDirectory C:\Program Files (x86)\Hotson\Reports\Dump: The system cannot find the path specified. (0x3)
[0115/121317:ERROR:registration_protocol_win.cc(82)] TransactNamedPipe: The pipe has been ended. (0x6D)
[0115/121317:ERROR:crash_report_database_win.cc(563)] CreateDirectory C:\Program Files (x86)\Hotson\Reports\Dump: The system cannot find the path specified. (0x3)
[0115/121609:ERROR:crash_report_database_win.cc(563)] CreateDirectory C:\Program Files (x86)\Hotson\Reports\Dump: The system cannot find the path specified. (0x3)
[0115/121609:ERROR:registration_protocol_win.cc(82)] TransactNamedPipe: The pipe has been ended. (0x6D)
[0115/121609:ERROR:crash_report_database_win.cc(563)] CreateDirectory C:\Program Files (x86)\Hotson\Reports\Dump: The system cannot find the path specified. (0x3)
[0115/121720:ERROR:crash_report_database_win.cc(563)] CreateDirectory C:\Program Files (x86)\Hotson\Reports\Dump: The system cannot find the path specified. (0x3)
[0115/121720:ERROR:registration_protocol_win.cc(82)] TransactNamedPipe: The pipe has been ended. (0x6D)
[0115/121720:ERROR:crash_report_database_win.cc(563)] CreateDirectory C:\Program Files (x86)\Hotson\Reports\Dump: The system cannot find the path specified. (0x3)
[0115/121808:ERROR:crash_report_database_win.cc(563)] CreateDirectory C:\Program Files (x86)\Hotson\Reports\Dump: The system cannot find the path specified. (0x3)
[0115/121808:ERROR:registration_protocol_win.cc(82)] TransactNamedPipe: The pipe has been ended. (0x6D)
[0115/121808:ERROR:crash_report_database_win.cc(563)] CreateDirectory C:\Program Files (x86)\Hotson\Reports\Dump: The system cannot find the path specified. (0x3)
[0115/122135:ERROR:crash_report_database_win.cc(563)] CreateDirectory C:\Program Files (x86)\Hotson\Reports\Dump: The system cannot find the path specified. (0x3)
[0115/122135:ERROR:registration_protocol_win.cc(82)] TransactNamedPipe: The pipe has been ended. (0x6D)
[0115/122135:ERROR:crash_report_database_win.cc(563)] CreateDirectory C:\Program Files (x86)\Hotson\Reports\Dump: The system cannot find the path specified. (0x3)
[0115/122534:ERROR:crash_report_database_win.cc(563)] CreateDirectory C:\Program Files (x86)\Hotson\Reports\Dump: The system cannot find the path specified. (0x3)
[0115/122534:ERROR:registration_protocol_win.cc(82)] TransactNamedPipe: The pipe has been ended. (0x6D)
[0115/122534:ERROR:crash_report_database_win.cc(563)] CreateDirectory C:\Program Files (x86)\Hotson\Reports\Dump: The system cannot find the path specified. (0x3)
[0115/122735:ERROR:crash_report_database_win.cc(563)] CreateDirectory C:\Program Files (x86)\Hotson\Reports\Dump: The system cannot find the path specified. (0x3)
[0115/122735:ERROR:registration_protocol_win.cc(82)] TransactNamedPipe: The pipe has been ended. (0x6D)
[0115/122735:ERROR:crash_report_database_win.cc(563)] CreateDirectory C:\Program Files (x86)\Hotson\Reports\Dump: The system cannot find the path specified. (0x3)
[0115/123631:ERROR:crash_report_database_win.cc(563)] CreateDirectory C:\Program Files (x86)\Hotson\Reports\Dump: The system cannot find the path specified. (0x3)
[0115/123631:ERROR:registration_protocol_win.cc(82)] TransactNamedPipe: The pipe has been ended. (0x6D)
[0115/123631:ERROR:crash_report_database_win.cc(563)] CreateDirectory C:\Program Files (x86)\Hotson\Reports\Dump: The system cannot find the path specified. (0x3)
[0115/123852:ERROR:crash_report_database_win.cc(563)] CreateDirectory C:\Program Files (x86)\Hotson\Reports\Dump: The system cannot find the path specified. (0x3)
[0115/123852:ERROR:registration_protocol_win.cc(82)] TransactNamedPipe: The pipe has been ended. (0x6D)
[0115/123852:ERROR:crash_report_database_win.cc(563)] CreateDirectory C:\Program Files (x86)\Hotson\Reports\Dump: The system cannot find the path specified. (0x3)
[0115/124049:ERROR:crash_report_database_win.cc(563)] CreateDirectory C:\Program Files (x86)\Hotson\Reports\Dump: The system cannot find the path specified. (0x3)
[0115/124049:ERROR:registration_protocol_win.cc(82)] TransactNamedPipe: The pipe has been ended. (0x6D)
[0115/124049:ERROR:crash_report_database_win.cc(563)] CreateDirectory C:\Program Files (x86)\Hotson\Reports\Dump: The system cannot find the path specified. (0x3)
[0115/124328:ERROR:crash_report_database_win.cc(563)] CreateDirectory C:\Program Files (x86)\Hotson\Reports\Dump: The system cannot find the path specified. (0x3)
[0115/124328:ERROR:registration_protocol_win.cc(82)] TransactNamedPipe: The pipe has been ended. (0x6D)
[0115/124328:ERROR:crash_report_database_win.cc(563)] CreateDirectory C:\Program Files (x86)\Hotson\Reports\Dump: The system cannot find the path specified. (0x3)
[0130/205339:ERROR:file_io_win.cc(163)] CreateFile C:\Program Files (x86)\settings.dat: Access is denied. (0x5)
[0130/205339:ERROR:registration_protocol_win.cc(82)] TransactNamedPipe: The pipe has been ended. (0x6D)
[0130/205339:ERROR:file_io_win.cc(163)] CreateFile C:\Program Files (x86)\settings.dat: Access is denied. (0x5)
[0130/210110:ERROR:file_io_win.cc(163)] CreateFile C:\Program Files (x86)\settings.dat: Access is denied. (0x5)
[0130/210110:ERROR:registration_protocol_win.cc(82)] TransactNamedPipe: The pipe has been ended. (0x6D)
[0130/210110:ERROR:file_io_win.cc(163)] CreateFile C:\Program Files (x86)\settings.dat: Access is denied. (0x5)
[0130/210153:ERROR:file_io_win.cc(163)] CreateFile C:\Program Files (x86)\settings.dat: Access is denied. (0x5)
[0130/210153:ERROR:registration_protocol_win.cc(82)] TransactNamedPipe: The pipe has been ended. (0x6D)
[0130/210153:ERROR:file_io_win.cc(163)] CreateFile C:\Program Files (x86)\settings.dat: Access is denied. (0x5)
[0130/210234:ERROR:file_io_win.cc(163)] CreateFile C:\Program Files (x86)\settings.dat: Access is denied. (0x5)
[0130/210234:ERROR:registration_protocol_win.cc(82)] TransactNamedPipe: The pipe has been ended. (0x6D)
[0130/210234:ERROR:file_io_win.cc(163)] CreateFile C:\Program Files (x86)\settings.dat: Access is denied. (0x5)
[0130/212628:ERROR:file_io_win.cc(163)] CreateFile C:\Program Files (x86)\settings.dat: Access is denied. (0x5)
[0130/212628:ERROR:registration_protocol_win.cc(82)] TransactNamedPipe: The pipe has been ended. (0x6D)
[0130/212628:ERROR:file_io_win.cc(163)] CreateFile C:\Program Files (x86)\settings.dat: Access is denied. (0x5)
[0130/214001:ERROR:file_io_win.cc(163)] CreateFile C:\Program Files (x86)\settings.dat: Access is denied. (0x5)
[0130/214001:ERROR:registration_protocol_win.cc(82)] TransactNamedPipe: The pipe has been ended. (0x6D)
[0130/214001:ERROR:file_io_win.cc(163)] CreateFile C:\Program Files (x86)\settings.dat: Access is denied. (0x5)
[0130/214203:ERROR:file_io_win.cc(163)] CreateFile C:\Program Files (x86)\settings.dat: Access is denied. (0x5)
[0130/214203:ERROR:registration_protocol_win.cc(82)] TransactNamedPipe: The pipe has been ended. (0x6D)
[0130/214203:ERROR:file_io_win.cc(163)] CreateFile C:\Program Files (x86)\settings.dat: Access is denied. (0x5)
[0130/214311:ERROR:file_io_win.cc(163)] CreateFile C:\Program Files (x86)\settings.dat: Access is denied. (0x5)
[0130/214311:ERROR:registration_protocol_win.cc(82)] TransactNamedPipe: The pipe has been ended. (0x6D)
[0130/214311:ERROR:file_io_win.cc(163)] CreateFile C:\Program Files (x86)\settings.dat: Access is denied. (0x5)
[0130/214344:ERROR:file_io_win.cc(163)] CreateFile C:\Program Files (x86)\settings.dat: Access is denied. (0x5)
[0130/214344:ERROR:registration_protocol_win.cc(82)] TransactNamedPipe: The pipe has been ended. (0x6D)
[0130/214344:ERROR:file_io_win.cc(163)] CreateFile C:\Program Files (x86)\settings.dat: Access is denied. (0x5)
[0130/214525:ERROR:file_io_win.cc(163)] CreateFile C:\Program Files (x86)\settings.dat: Access is denied. (0x5)
[0130/214525:ERROR:registration_protocol_win.cc(82)] TransactNamedPipe: The pipe has been ended. (0x6D)
[0130/214525:ERROR:file_io_win.cc(163)] CreateFile C:\Program Files (x86)\settings.dat: Access is denied. (0x5)
[0414/073018.594:ERROR:crash_report_database_win.cc(563)] CreateDirectory C:\Program Files (x86)\temp\reports: Access is denied. (0x5)
[0414/073018.630:ERROR:registration_protocol_win.cc(84)] TransactNamedPipe: The pipe has been ended. (0x6D)
[0414/073018.632:ERROR:crash_report_database_win.cc(563)] CreateDirectory C:\Program Files (x86)\temp\reports: Access is denied. (0x5)
